<?xml version="1.0" encoding="UTF-8"?>
<testng-results ignored="0" total="1" passed="1" failed="0" skipped="0">
  <reporter-output>
  </reporter-output>
  <suite started-at="2023-01-17T11:36:36 IST" name="Default suite" finished-at="2023-01-17T11:36:36 IST" duration-ms="58">
    <groups>
    </groups>
    <test started-at="2023-01-17T11:36:36 IST" name="Default test" finished-at="2023-01-17T11:36:36 IST" duration-ms="58">
      <class name="demo.createOrgTest">
        <test-method signature="test()[pri:0, instance:demo.createOrgTest@43195e57]" started-at="2023-01-17T11:36:36 IST" name="test" finished-at="2023-01-17T11:36:36 IST" duration-ms="12" status="PASS">
          <reporter-output>
          </reporter-output>
        </test-method> <!-- test -->
      </class> <!-- demo.createOrgTest -->
    </test> <!-- Default test -->
  </suite> <!-- Default suite -->
</testng-results>
